<?xml version="1.0" encoding="UTF-8" ?>
<testsuite tests="45" failures="0" name="SetupClass.TestRunner" time="0.007" errors="0" skipped="0">
  <properties>
[...]
</properties>
  <testcase classname="Scenario: Test leave a comment on blog" name="Given user is already on blog form" time="0.002"/>
  <testcase classname="Scenario: Test leave a comment on blog" name="Then user enter name on blog form" time="0"/>
  <testcase classname="Scenario: Test leave a comment on blog" name="Then user enter email on blog form" time="0"/>
  <testcase classname="Scenario: Test leave a comment on blog" name="Then user enter comment on blog form" time="0"/>
  <testcase classname="Scenario: Test leave a comment on blog" name="Then user enter captcha on blog form" time="0"/>
  <testcase classname="Scenario: Test leave a comment on blog" name="Then user click on Submit button on blog form" time="0"/>
  <testcase classname="Scenario: Test leave a comment on blog" name="Scenario: Test leave a comment on blog" time="0.003"/>
  <testcase classname="Scenario: Test Contacts us form" name="Given user is already on contact us form" time="0"/>
  <testcase classname="Scenario: Test Contacts us form" name="Then user enter name" time="0"/>
  <testcase classname="Scenario: Test Contacts us form" name="Then user enter email" time="0"/>
  <testcase classname="Scenario: Test Contacts us form" name="Then user enter mobile number" time="0"/>
  <testcase classname="Scenario: Test Contacts us form" name="Then user enter comment" time="0"/>
  <testcase classname="Scenario: Test Contacts us form" name="Then user enter captcha comment" time="0"/>
  <testcase classname="Scenario: Test Contacts us form" name="Then user click on submit button" time="0"/>
  <testcase classname="Scenario: Test Contacts us form" name="Scenario: Test Contacts us form" time="0.001"/>
  <testcase classname="Scenario: Test contact us to get started form" name="Given user is already on contact us to get started form" time="0"/>
  <testcase classname="Scenario: Test contact us to get started form" name="Then user enter name on gs form" time="0"/>
  <testcase classname="Scenario: Test contact us to get started form" name="Then user enter email on gs form" time="0"/>
  <testcase classname="Scenario: Test contact us to get started form" name="Then user enter phone number on gs form" time="0"/>
  <testcase classname="Scenario: Test contact us to get started form" name="Then user enter message on gs form" time="0"/>
  <testcase classname="Scenario: Test contact us to get started form" name="Then user click on submit button on gs form" time="0"/>
  <testcase classname="Scenario: Test contact us to get started form" name="Scenario: Test contact us to get started form" time="0"/>
  <testcase classname="Scenario: Test Design Services form" name="Given user is already on design services page" time="0"/>
  <testcase classname="Scenario: Test Design Services form" name="Then user enter name on design services form" time="0"/>
  <testcase classname="Scenario: Test Design Services form" name="Then user enter email on design services form" time="0"/>
  <testcase classname="Scenario: Test Design Services form" name="Then user enter project description on design services form" time="0"/>
  <testcase classname="Scenario: Test Design Services form" name="Then user attach a file on design services form" time="0"/>
  <testcase classname="Scenario: Test Design Services form" name="Then user submit the design services form" time="0"/>
  <testcase classname="Scenario: Test Design Services form" name="Scenario: Test Design Services form" time="0"/>
  <testcase classname="Scenario: Test Design Services form" name="Given user is already on questionnaire form page" time="0"/>
  <testcase classname="Scenario: Test Design Services form" name="Then user enter name on questionnaire form" time="0"/>
  <testcase classname="Scenario: Test Design Services form" name="Then user enter email on questionnaire form" time="0"/>
  <testcase classname="Scenario: Test Design Services form" name="Then user enter phone on questionnaire form" time="0"/>
  <testcase classname="Scenario: Test Design Services form" name="Then user enter number of slides on questionnaire form" time="0"/>
  <testcase classname="Scenario: Test Design Services form" name="Then user enter  Style Requirement on questionnaire form" time="0"/>
  <testcase classname="Scenario: Test Design Services form" name="Then user click on submit on questionnaire form" time="0"/>
  <testcase classname="Scenario: Test Design Services form" name="Scenario: Test Design Services form" time="0.001"/>
  <testcase classname="Scenario: Test Research Services Form" name="Given user is already on Submit Your Business Research Requirements form" time="0"/>
  <testcase classname="Scenario: Test Research Services Form" name="Then user enter name on rs form" time="0"/>
  <testcase classname="Scenario: Test Research Services Form" name="Then user enter email on rs form" time="0"/>
  <testcase classname="Scenario: Test Research Services Form" name="Then user enter mobile number on rs form" time="0"/>
  <testcase classname="Scenario: Test Research Services Form" name="Then user enter comment on rs form" time="0"/>
  <testcase classname="Scenario: Test Research Services Form" name="Then user enter captcha on rs form" time="0"/>
  <testcase classname="Scenario: Test Research Services Form" name="Then user click on submit button on rs form" time="0"/>
  <testcase classname="Scenario: Test Research Services Form" name="Scenario: Test Research Services Form" time="0"/>
</testsuite>